{"C:\\app\\vscode\\MoneyGrowth\\pac-dashboard\\src\\utils\\calcoli.js": {"path":"C:\\app\\vscode\\MoneyGrowth\\pac-dashboard\\src\\utils\\calcoli.js","statementMap":{"0":{"start":{"line":6,"column":2},"end":{"line":6,"column":69}},"1":{"start":{"line":6,"column":35},"end":{"line":6,"column":65}},"2":{"start":{"line":10,"column":2},"end":{"line":10,"column":60}},"3":{"start":{"line":10,"column":35},"end":{"line":10,"column":56}},"4":{"start":{"line":14,"column":2},"end":{"line":14,"column":47}},"5":{"start":{"line":23,"column":14},"end":{"line":23,"column":39}},"6":{"start":{"line":24,"column":2},"end":{"line":24,"column":25}},"7":{"start":{"line":24,"column":17},"end":{"line":24,"column":25}},"8":{"start":{"line":25,"column":14},"end":{"line":25,"column":53}},"9":{"start":{"line":26,"column":2},"end":{"line":26,"column":34}},"10":{"start":{"line":33,"column":2},"end":{"line":33,"column":76}},"11":{"start":{"line":40,"column":2},"end":{"line":40,"column":37}},"12":{"start":{"line":40,"column":29},"end":{"line":40,"column":37}},"13":{"start":{"line":41,"column":17},"end":{"line":41,"column":75}},"14":{"start":{"line":41,"column":46},"end":{"line":41,"column":74}},"15":{"start":{"line":42,"column":15},"end":{"line":42,"column":40}},"16":{"start":{"line":43,"column":2},"end":{"line":43,"column":46}},"17":{"start":{"line":50,"column":14},"end":{"line":50,"column":39}},"18":{"start":{"line":51,"column":2},"end":{"line":51,"column":25}},"19":{"start":{"line":51,"column":17},"end":{"line":51,"column":25}},"20":{"start":{"line":52,"column":14},"end":{"line":52,"column":53}},"21":{"start":{"line":53,"column":15},"end":{"line":53,"column":39}},"22":{"start":{"line":54,"column":2},"end":{"line":54,"column":24}},"23":{"start":{"line":54,"column":16},"end":{"line":54,"column":24}},"24":{"start":{"line":55,"column":15},"end":{"line":55,"column":24}},"25":{"start":{"line":56,"column":2},"end":{"line":56,"column":50}},"26":{"start":{"line":64,"column":2},"end":{"line":64,"column":37}},"27":{"start":{"line":64,"column":29},"end":{"line":64,"column":37}},"28":{"start":{"line":65,"column":17},"end":{"line":65,"column":75}},"29":{"start":{"line":65,"column":46},"end":{"line":65,"column":74}},"30":{"start":{"line":67,"column":17},"end":{"line":67,"column":18}},"31":{"start":{"line":68,"column":24},"end":{"line":68,"column":25}},"32":{"start":{"line":70,"column":2},"end":{"line":85,"column":3}},"33":{"start":{"line":70,"column":15},"end":{"line":70,"column":16}},"34":{"start":{"line":71,"column":16},"end":{"line":71,"column":25}},"35":{"start":{"line":72,"column":25},"end":{"line":72,"column":61}},"36":{"start":{"line":73,"column":23},"end":{"line":73,"column":42}},"37":{"start":{"line":74,"column":29},"end":{"line":74,"column":64}},"38":{"start":{"line":76,"column":4},"end":{"line":76,"column":33}},"39":{"start":{"line":79,"column":23},"end":{"line":79,"column":92}},"40":{"start":{"line":80,"column":23},"end":{"line":80,"column":51}},"41":{"start":{"line":82,"column":4},"end":{"line":84,"column":5}},"42":{"start":{"line":83,"column":6},"end":{"line":83,"column":47}},"43":{"start":{"line":87,"column":2},"end":{"line":87,"column":29}},"44":{"start":{"line":94,"column":2},"end":{"line":94,"column":37}},"45":{"start":{"line":94,"column":29},"end":{"line":94,"column":37}},"46":{"start":{"line":95,"column":15},"end":{"line":95,"column":62}},"47":{"start":{"line":96,"column":15},"end":{"line":96,"column":39}},"48":{"start":{"line":97,"column":2},"end":{"line":97,"column":24}},"49":{"start":{"line":97,"column":16},"end":{"line":97,"column":24}},"50":{"start":{"line":98,"column":2},"end":{"line":98,"column":46}},"51":{"start":{"line":115,"column":23},"end":{"line":115,"column":62}},"52":{"start":{"line":117,"column":2},"end":{"line":117,"column":61}},"53":{"start":{"line":117,"column":50},"end":{"line":117,"column":61}},"54":{"start":{"line":119,"column":17},"end":{"line":119,"column":75}},"55":{"start":{"line":119,"column":46},"end":{"line":119,"column":74}},"56":{"start":{"line":120,"column":17},"end":{"line":120,"column":42}},"57":{"start":{"line":121,"column":15},"end":{"line":121,"column":25}},"58":{"start":{"line":124,"column":17},"end":{"line":133,"column":3}},"59":{"start":{"line":125,"column":26},"end":{"line":128,"column":5}},"60":{"start":{"line":136,"column":15},"end":{"line":136,"column":99}},"61":{"start":{"line":136,"column":20},"end":{"line":136,"column":99}},"62":{"start":{"line":136,"column":46},"end":{"line":136,"column":95}},"63":{"start":{"line":138,"column":15},"end":{"line":138,"column":122}},"64":{"start":{"line":138,"column":20},"end":{"line":138,"column":122}},"65":{"start":{"line":138,"column":46},"end":{"line":138,"column":118}},"66":{"start":{"line":140,"column":10},"end":{"line":140,"column":13}},"67":{"start":{"line":141,"column":2},"end":{"line":148,"column":3}},"68":{"start":{"line":141,"column":15},"end":{"line":141,"column":16}},"69":{"start":{"line":142,"column":15},"end":{"line":142,"column":22}},"70":{"start":{"line":143,"column":4},"end":{"line":143,"column":35}},"71":{"start":{"line":143,"column":30},"end":{"line":143,"column":35}},"72":{"start":{"line":144,"column":17},"end":{"line":144,"column":32}},"73":{"start":{"line":145,"column":4},"end":{"line":145,"column":31}},"74":{"start":{"line":145,"column":20},"end":{"line":145,"column":31}},"75":{"start":{"line":146,"column":4},"end":{"line":146,"column":52}},"76":{"start":{"line":146,"column":35},"end":{"line":146,"column":52}},"77":{"start":{"line":147,"column":4},"end":{"line":147,"column":12}},"78":{"start":{"line":150,"column":2},"end":{"line":150,"column":13}},"79":{"start":{"line":160,"column":2},"end":{"line":160,"column":38}},"80":{"start":{"line":160,"column":29},"end":{"line":160,"column":38}},"81":{"start":{"line":161,"column":17},"end":{"line":161,"column":75}},"82":{"start":{"line":161,"column":46},"end":{"line":161,"column":74}},"83":{"start":{"line":163,"column":16},"end":{"line":163,"column":18}},"84":{"start":{"line":164,"column":17},"end":{"line":164,"column":18}},"85":{"start":{"line":166,"column":2},"end":{"line":175,"column":3}},"86":{"start":{"line":166,"column":15},"end":{"line":166,"column":16}},"87":{"start":{"line":167,"column":16},"end":{"line":167,"column":25}},"88":{"start":{"line":168,"column":4},"end":{"line":168,"column":35}},"89":{"start":{"line":170,"column":23},"end":{"line":170,"column":92}},"90":{"start":{"line":171,"column":4},"end":{"line":174,"column":6}},"91":{"start":{"line":178,"column":2},"end":{"line":181,"column":4}},"92":{"start":{"line":183,"column":2},"end":{"line":183,"column":14}},"93":{"start":{"line":193,"column":2},"end":{"line":193,"column":49}},"94":{"start":{"line":193,"column":40},"end":{"line":193,"column":49}},"95":{"start":{"line":196,"column":18},"end":{"line":196,"column":27}},"96":{"start":{"line":197,"column":2},"end":{"line":201,"column":3}},"97":{"start":{"line":198,"column":4},"end":{"line":200,"column":5}},"98":{"start":{"line":199,"column":6},"end":{"line":199,"column":41}},"99":{"start":{"line":199,"column":20},"end":{"line":199,"column":41}},"100":{"start":{"line":203,"column":19},"end":{"line":203,"column":45}},"101":{"start":{"line":204,"column":2},"end":{"line":204,"column":38}},"102":{"start":{"line":204,"column":29},"end":{"line":204,"column":38}},"103":{"start":{"line":207,"column":16},"end":{"line":207,"column":18}},"104":{"start":{"line":208,"column":2},"end":{"line":226,"column":3}},"105":{"start":{"line":209,"column":23},"end":{"line":209,"column":24}},"106":{"start":{"line":210,"column":4},"end":{"line":222,"column":5}},"107":{"start":{"line":211,"column":21},"end":{"line":211,"column":22}},"108":{"start":{"line":212,"column":25},"end":{"line":212,"column":29}},"109":{"start":{"line":213,"column":6},"end":{"line":218,"column":7}},"110":{"start":{"line":214,"column":8},"end":{"line":217,"column":9}},"111":{"start":{"line":215,"column":10},"end":{"line":215,"column":41}},"112":{"start":{"line":216,"column":10},"end":{"line":216,"column":43}},"113":{"start":{"line":219,"column":6},"end":{"line":221,"column":7}},"114":{"start":{"line":220,"column":8},"end":{"line":220,"column":47}},"115":{"start":{"line":223,"column":4},"end":{"line":225,"column":5}},"116":{"start":{"line":224,"column":6},"end":{"line":224,"column":72}},"117":{"start":{"line":229,"column":14},"end":{"line":229,"column":47}},"118":{"start":{"line":230,"column":2},"end":{"line":239,"column":3}},"119":{"start":{"line":231,"column":21},"end":{"line":231,"column":22}},"120":{"start":{"line":232,"column":4},"end":{"line":235,"column":5}},"121":{"start":{"line":233,"column":23},"end":{"line":233,"column":86}},"122":{"start":{"line":233,"column":61},"end":{"line":233,"column":82}},"123":{"start":{"line":234,"column":6},"end":{"line":234,"column":56}},"124":{"start":{"line":236,"column":4},"end":{"line":238,"column":5}},"125":{"start":{"line":237,"column":6},"end":{"line":237,"column":76}},"126":{"start":{"line":241,"column":2},"end":{"line":241,"column":14}},"127":{"start":{"line":259,"column":2},"end":{"line":259,"column":49}},"128":{"start":{"line":259,"column":40},"end":{"line":259,"column":49}},"129":{"start":{"line":262,"column":20},"end":{"line":262,"column":22}},"130":{"start":{"line":263,"column":2},"end":{"line":267,"column":3}},"131":{"start":{"line":264,"column":4},"end":{"line":264,"column":50}},"132":{"start":{"line":264,"column":28},"end":{"line":264,"column":50}},"133":{"start":{"line":265,"column":16},"end":{"line":265,"column":62}},"134":{"start":{"line":266,"column":4},"end":{"line":266,"column":45}},"135":{"start":{"line":270,"column":16},"end":{"line":270,"column":20}},"136":{"start":{"line":271,"column":2},"end":{"line":275,"column":3}},"137":{"start":{"line":272,"column":4},"end":{"line":274,"column":5}},"138":{"start":{"line":273,"column":6},"end":{"line":273,"column":60}},"139":{"start":{"line":273,"column":42},"end":{"line":273,"column":60}},"140":{"start":{"line":276,"column":2},"end":{"line":276,"column":25}},"141":{"start":{"line":276,"column":16},"end":{"line":276,"column":25}},"142":{"start":{"line":278,"column":15},"end":{"line":278,"column":25}},"143":{"start":{"line":279,"column":17},"end":{"line":279,"column":44}},"144":{"start":{"line":280,"column":18},"end":{"line":280,"column":42}},"145":{"start":{"line":283,"column":19},"end":{"line":283,"column":21}},"146":{"start":{"line":284,"column":11},"end":{"line":284,"column":49}},"147":{"start":{"line":285,"column":2},"end":{"line":288,"column":3}},"148":{"start":{"line":286,"column":4},"end":{"line":286,"column":41}},"149":{"start":{"line":287,"column":4},"end":{"line":287,"column":27}},"150":{"start":{"line":290,"column":16},"end":{"line":290,"column":18}},"151":{"start":{"line":291,"column":2},"end":{"line":323,"column":3}},"152":{"start":{"line":293,"column":4},"end":{"line":293,"column":38}},"153":{"start":{"line":293,"column":30},"end":{"line":293,"column":38}},"154":{"start":{"line":295,"column":17},"end":{"line":295,"column":18}},"155":{"start":{"line":296,"column":4},"end":{"line":318,"column":5}},"156":{"start":{"line":297,"column":21},"end":{"line":297,"column":22}},"157":{"start":{"line":298,"column":33},"end":{"line":298,"column":37}},"158":{"start":{"line":299,"column":6},"end":{"line":304,"column":7}},"159":{"start":{"line":300,"column":8},"end":{"line":303,"column":9}},"160":{"start":{"line":301,"column":10},"end":{"line":301,"column":41}},"161":{"start":{"line":302,"column":10},"end":{"line":302,"column":51}},"162":{"start":{"line":305,"column":6},"end":{"line":305,"column":34}},"163":{"start":{"line":305,"column":26},"end":{"line":305,"column":34}},"164":{"start":{"line":308,"column":19},"end":{"line":308,"column":57}},"165":{"start":{"line":310,"column":6},"end":{"line":313,"column":7}},"166":{"start":{"line":311,"column":23},"end":{"line":311,"column":88}},"167":{"start":{"line":311,"column":68},"end":{"line":311,"column":80}},"168":{"start":{"line":312,"column":8},"end":{"line":312,"column":86}},"169":{"start":{"line":312,"column":31},"end":{"line":312,"column":86}},"170":{"start":{"line":315,"column":6},"end":{"line":315,"column":56}},"171":{"start":{"line":315,"column":27},"end":{"line":315,"column":56}},"172":{"start":{"line":317,"column":6},"end":{"line":317,"column":54}},"173":{"start":{"line":317,"column":27},"end":{"line":317,"column":54}},"174":{"start":{"line":320,"column":4},"end":{"line":322,"column":5}},"175":{"start":{"line":321,"column":6},"end":{"line":321,"column":83}},"176":{"start":{"line":326,"column":19},"end":{"line":326,"column":20}},"177":{"start":{"line":327,"column":2},"end":{"line":330,"column":3}},"178":{"start":{"line":328,"column":21},"end":{"line":328,"column":84}},"179":{"start":{"line":328,"column":59},"end":{"line":328,"column":80}},"180":{"start":{"line":329,"column":4},"end":{"line":329,"column":54}},"181":{"start":{"line":331,"column":2},"end":{"line":333,"column":3}},"182":{"start":{"line":332,"column":4},"end":{"line":332,"column":77}},"183":{"start":{"line":335,"column":2},"end":{"line":335,"column":14}},"184":{"start":{"line":346,"column":2},"end":{"line":346,"column":45}},"185":{"start":{"line":346,"column":34},"end":{"line":346,"column":45}},"186":{"start":{"line":347,"column":14},"end":{"line":347,"column":23}},"187":{"start":{"line":348,"column":20},"end":{"line":348,"column":21}},"188":{"start":{"line":349,"column":2},"end":{"line":353,"column":3}},"189":{"start":{"line":350,"column":4},"end":{"line":350,"column":38}},"190":{"start":{"line":350,"column":24},"end":{"line":350,"column":38}},"191":{"start":{"line":351,"column":15},"end":{"line":351,"column":39}},"192":{"start":{"line":352,"column":4},"end":{"line":352,"column":42}},"193":{"start":{"line":352,"column":26},"end":{"line":352,"column":42}},"194":{"start":{"line":354,"column":2},"end":{"line":354,"column":26}},"195":{"start":{"line":363,"column":2},"end":{"line":363,"column":45}},"196":{"start":{"line":363,"column":34},"end":{"line":363,"column":45}},"197":{"start":{"line":364,"column":21},"end":{"line":364,"column":23}},"198":{"start":{"line":365,"column":2},"end":{"line":369,"column":3}},"199":{"start":{"line":365,"column":15},"end":{"line":365,"column":16}},"200":{"start":{"line":366,"column":4},"end":{"line":368,"column":5}},"201":{"start":{"line":367,"column":6},"end":{"line":367,"column":84}},"202":{"start":{"line":370,"column":2},"end":{"line":370,"column":40}},"203":{"start":{"line":370,"column":29},"end":{"line":370,"column":40}},"204":{"start":{"line":371,"column":16},"end":{"line":371,"column":73}},"205":{"start":{"line":371,"column":44},"end":{"line":371,"column":49}},"206":{"start":{"line":372,"column":19},"end":{"line":372,"column":97}},"207":{"start":{"line":372,"column":47},"end":{"line":372,"column":67}},"208":{"start":{"line":373,"column":2},"end":{"line":373,"column":50}},"209":{"start":{"line":388,"column":12},"end":{"line":388,"column":32}},"210":{"start":{"line":389,"column":15},"end":{"line":389,"column":33}},"211":{"start":{"line":390,"column":15},"end":{"line":390,"column":36}},"212":{"start":{"line":391,"column":16},"end":{"line":391,"column":18}},"213":{"start":{"line":393,"column":15},"end":{"line":393,"column":29}},"214":{"start":{"line":395,"column":2},"end":{"line":401,"column":3}},"215":{"start":{"line":395,"column":15},"end":{"line":395,"column":16}},"216":{"start":{"line":396,"column":4},"end":{"line":396,"column":49}},"217":{"start":{"line":397,"column":4},"end":{"line":400,"column":6}},"218":{"start":{"line":403,"column":2},"end":{"line":403,"column":14}},"219":{"start":{"line":409,"column":21},"end":{"line":409,"column":22}},"220":{"start":{"line":410,"column":18},"end":{"line":410,"column":19}},"221":{"start":{"line":411,"column":15},"end":{"line":411,"column":16}},"222":{"start":{"line":413,"column":2},"end":{"line":417,"column":3}},"223":{"start":{"line":414,"column":4},"end":{"line":414,"column":49}},"224":{"start":{"line":415,"column":4},"end":{"line":415,"column":64}},"225":{"start":{"line":416,"column":4},"end":{"line":416,"column":57}},"226":{"start":{"line":416,"column":44},"end":{"line":416,"column":53}},"227":{"start":{"line":419,"column":14},"end":{"line":419,"column":86}},"228":{"start":{"line":420,"column":16},"end":{"line":420,"column":40}},"229":{"start":{"line":423,"column":24},"end":{"line":423,"column":56}},"230":{"start":{"line":423,"column":45},"end":{"line":423,"column":55}},"231":{"start":{"line":424,"column":18},"end":{"line":424,"column":47}},"232":{"start":{"line":427,"column":13},"end":{"line":427,"column":14}},"233":{"start":{"line":428,"column":2},"end":{"line":431,"column":3}},"234":{"start":{"line":429,"column":17},"end":{"line":429,"column":29}},"235":{"start":{"line":430,"column":4},"end":{"line":430,"column":67}},"236":{"start":{"line":433,"column":2},"end":{"line":433,"column":71}}},"fnMap":{"0":{"name":"totaleInvestito","decl":{"start":{"line":5,"column":16},"end":{"line":5,"column":31}},"loc":{"start":{"line":5,"column":42},"end":{"line":7,"column":1}},"line":5},"1":{"name":"(anonymous_1)","decl":{"start":{"line":6,"column":25},"end":{"line":6,"column":26}},"loc":{"start":{"line":6,"column":35},"end":{"line":6,"column":65}},"line":6},"2":{"name":"totaleQuote","decl":{"start":{"line":9,"column":16},"end":{"line":9,"column":27}},"loc":{"start":{"line":9,"column":38},"end":{"line":11,"column":1}},"line":9},"3":{"name":"(anonymous_3)","decl":{"start":{"line":10,"column":25},"end":{"line":10,"column":26}},"loc":{"start":{"line":10,"column":35},"end":{"line":10,"column":56}},"line":10},"4":{"name":"valoreAttuale","decl":{"start":{"line":13,"column":16},"end":{"line":13,"column":29}},"loc":{"start":{"line":13,"column":56},"end":{"line":15,"column":1}},"line":13},"5":{"name":"calcolaROI","decl":{"start":{"line":22,"column":16},"end":{"line":22,"column":26}},"loc":{"start":{"line":22,"column":53},"end":{"line":27,"column":1}},"line":22},"6":{"name":"calcolaRendimentoNetto","decl":{"start":{"line":32,"column":16},"end":{"line":32,"column":38}},"loc":{"start":{"line":32,"column":65},"end":{"line":34,"column":1}},"line":32},"7":{"name":"calcolaDurataM","decl":{"start":{"line":39,"column":16},"end":{"line":39,"column":30}},"loc":{"start":{"line":39,"column":41},"end":{"line":44,"column":1}},"line":39},"8":{"name":"(anonymous_8)","decl":{"start":{"line":41,"column":36},"end":{"line":41,"column":37}},"loc":{"start":{"line":41,"column":46},"end":{"line":41,"column":74}},"line":41},"9":{"name":"calcolaCAGR","decl":{"start":{"line":49,"column":16},"end":{"line":49,"column":27}},"loc":{"start":{"line":49,"column":54},"end":{"line":57,"column":1}},"line":49},"10":{"name":"calcolaTWRR","decl":{"start":{"line":63,"column":16},"end":{"line":63,"column":27}},"loc":{"start":{"line":63,"column":54},"end":{"line":88,"column":1}},"line":63},"11":{"name":"(anonymous_11)","decl":{"start":{"line":65,"column":36},"end":{"line":65,"column":37}},"loc":{"start":{"line":65,"column":46},"end":{"line":65,"column":74}},"line":65},"12":{"name":"calcolaATWRR","decl":{"start":{"line":93,"column":16},"end":{"line":93,"column":28}},"loc":{"start":{"line":93,"column":55},"end":{"line":99,"column":1}},"line":93},"13":{"name":"calcolaIRR","decl":{"start":{"line":114,"column":16},"end":{"line":114,"column":26}},"loc":{"start":{"line":114,"column":53},"end":{"line":151,"column":1}},"line":114},"14":{"name":"(anonymous_14)","decl":{"start":{"line":119,"column":36},"end":{"line":119,"column":37}},"loc":{"start":{"line":119,"column":46},"end":{"line":119,"column":74}},"line":119},"15":{"name":"(anonymous_15)","decl":{"start":{"line":125,"column":18},"end":{"line":125,"column":21}},"loc":{"start":{"line":125,"column":26},"end":{"line":128,"column":5}},"line":125},"16":{"name":"(anonymous_16)","decl":{"start":{"line":136,"column":15},"end":{"line":136,"column":16}},"loc":{"start":{"line":136,"column":20},"end":{"line":136,"column":99}},"line":136},"17":{"name":"(anonymous_17)","decl":{"start":{"line":136,"column":34},"end":{"line":136,"column":35}},"loc":{"start":{"line":136,"column":46},"end":{"line":136,"column":95}},"line":136},"18":{"name":"(anonymous_18)","decl":{"start":{"line":138,"column":15},"end":{"line":138,"column":16}},"loc":{"start":{"line":138,"column":20},"end":{"line":138,"column":122}},"line":138},"19":{"name":"(anonymous_19)","decl":{"start":{"line":138,"column":34},"end":{"line":138,"column":35}},"loc":{"start":{"line":138,"column":46},"end":{"line":138,"column":118}},"line":138},"20":{"name":"serieStorica","decl":{"start":{"line":159,"column":16},"end":{"line":159,"column":28}},"loc":{"start":{"line":159,"column":55},"end":{"line":184,"column":1}},"line":159},"21":{"name":"(anonymous_21)","decl":{"start":{"line":161,"column":36},"end":{"line":161,"column":37}},"loc":{"start":{"line":161,"column":46},"end":{"line":161,"column":74}},"line":161},"22":{"name":"serieStoricaAggregata","decl":{"start":{"line":192,"column":16},"end":{"line":192,"column":37}},"loc":{"start":{"line":192,"column":47},"end":{"line":242,"column":1}},"line":192},"23":{"name":"(anonymous_23)","decl":{"start":{"line":233,"column":51},"end":{"line":233,"column":52}},"loc":{"start":{"line":233,"column":61},"end":{"line":233,"column":82}},"line":233},"24":{"name":"serieStoricaDaPrezziStorici","decl":{"start":{"line":258,"column":16},"end":{"line":258,"column":43}},"loc":{"start":{"line":258,"column":68},"end":{"line":336,"column":1}},"line":258},"25":{"name":"(anonymous_25)","decl":{"start":{"line":311,"column":63},"end":{"line":311,"column":64}},"loc":{"start":{"line":311,"column":68},"end":{"line":311,"column":80}},"line":311},"26":{"name":"(anonymous_26)","decl":{"start":{"line":328,"column":49},"end":{"line":328,"column":50}},"loc":{"start":{"line":328,"column":59},"end":{"line":328,"column":80}},"line":328},"27":{"name":"calcolaMaxDrawdown","decl":{"start":{"line":345,"column":16},"end":{"line":345,"column":34}},"loc":{"start":{"line":345,"column":42},"end":{"line":355,"column":1}},"line":345},"28":{"name":"calcolaVolatilita","decl":{"start":{"line":362,"column":16},"end":{"line":362,"column":33}},"loc":{"start":{"line":362,"column":41},"end":{"line":374,"column":1}},"line":362},"29":{"name":"(anonymous_29)","decl":{"start":{"line":371,"column":34},"end":{"line":371,"column":35}},"loc":{"start":{"line":371,"column":44},"end":{"line":371,"column":49}},"line":371},"30":{"name":"(anonymous_30)","decl":{"start":{"line":372,"column":37},"end":{"line":372,"column":38}},"loc":{"start":{"line":372,"column":47},"end":{"line":372,"column":67}},"line":372},"31":{"name":"calcolaProiezione","decl":{"start":{"line":387,"column":16},"end":{"line":387,"column":33}},"loc":{"start":{"line":387,"column":113},"end":{"line":404,"column":1}},"line":387},"32":{"name":"indicatoriPortafoglio","decl":{"start":{"line":408,"column":16},"end":{"line":408,"column":37}},"loc":{"start":{"line":408,"column":47},"end":{"line":434,"column":1}},"line":408},"33":{"name":"(anonymous_33)","decl":{"start":{"line":416,"column":34},"end":{"line":416,"column":35}},"loc":{"start":{"line":416,"column":44},"end":{"line":416,"column":53}},"line":416},"34":{"name":"(anonymous_34)","decl":{"start":{"line":423,"column":40},"end":{"line":423,"column":41}},"loc":{"start":{"line":423,"column":45},"end":{"line":423,"column":55}},"line":423}},"branchMap":{"0":{"loc":{"start":{"line":24,"column":2},"end":{"line":24,"column":25}},"type":"if","locations":[{"start":{"line":24,"column":2},"end":{"line":24,"column":25}},{"start":{},"end":{}}],"line":24},"1":{"loc":{"start":{"line":40,"column":2},"end":{"line":40,"column":37}},"type":"if","locations":[{"start":{"line":40,"column":2},"end":{"line":40,"column":37}},{"start":{},"end":{}}],"line":40},"2":{"loc":{"start":{"line":51,"column":2},"end":{"line":51,"column":25}},"type":"if","locations":[{"start":{"line":51,"column":2},"end":{"line":51,"column":25}},{"start":{},"end":{}}],"line":51},"3":{"loc":{"start":{"line":54,"column":2},"end":{"line":54,"column":24}},"type":"if","locations":[{"start":{"line":54,"column":2},"end":{"line":54,"column":24}},{"start":{},"end":{}}],"line":54},"4":{"loc":{"start":{"line":64,"column":2},"end":{"line":64,"column":37}},"type":"if","locations":[{"start":{"line":64,"column":2},"end":{"line":64,"column":37}},{"start":{},"end":{}}],"line":64},"5":{"loc":{"start":{"line":79,"column":23},"end":{"line":79,"column":92}},"type":"cond-expr","locations":[{"start":{"line":79,"column":47},"end":{"line":79,"column":75}},{"start":{"line":79,"column":78},"end":{"line":79,"column":92}}],"line":79},"6":{"loc":{"start":{"line":82,"column":4},"end":{"line":84,"column":5}},"type":"if","locations":[{"start":{"line":82,"column":4},"end":{"line":84,"column":5}},{"start":{},"end":{}}],"line":82},"7":{"loc":{"start":{"line":94,"column":2},"end":{"line":94,"column":37}},"type":"if","locations":[{"start":{"line":94,"column":2},"end":{"line":94,"column":37}},{"start":{},"end":{}}],"line":94},"8":{"loc":{"start":{"line":97,"column":2},"end":{"line":97,"column":24}},"type":"if","locations":[{"start":{"line":97,"column":2},"end":{"line":97,"column":24}},{"start":{},"end":{}}],"line":97},"9":{"loc":{"start":{"line":117,"column":2},"end":{"line":117,"column":61}},"type":"if","locations":[{"start":{"line":117,"column":2},"end":{"line":117,"column":61}},{"start":{},"end":{}}],"line":117},"10":{"loc":{"start":{"line":117,"column":6},"end":{"line":117,"column":48}},"type":"binary-expr","locations":[{"start":{"line":117,"column":6},"end":{"line":117,"column":27}},{"start":{"line":117,"column":31},"end":{"line":117,"column":48}}],"line":117},"11":{"loc":{"start":{"line":143,"column":4},"end":{"line":143,"column":35}},"type":"if","locations":[{"start":{"line":143,"column":4},"end":{"line":143,"column":35}},{"start":{},"end":{}}],"line":143},"12":{"loc":{"start":{"line":145,"column":4},"end":{"line":145,"column":31}},"type":"if","locations":[{"start":{"line":145,"column":4},"end":{"line":145,"column":31}},{"start":{},"end":{}}],"line":145},"13":{"loc":{"start":{"line":146,"column":4},"end":{"line":146,"column":52}},"type":"if","locations":[{"start":{"line":146,"column":4},"end":{"line":146,"column":52}},{"start":{},"end":{}}],"line":146},"14":{"loc":{"start":{"line":160,"column":2},"end":{"line":160,"column":38}},"type":"if","locations":[{"start":{"line":160,"column":2},"end":{"line":160,"column":38}},{"start":{},"end":{}}],"line":160},"15":{"loc":{"start":{"line":170,"column":23},"end":{"line":170,"column":92}},"type":"cond-expr","locations":[{"start":{"line":170,"column":47},"end":{"line":170,"column":75}},{"start":{"line":170,"column":78},"end":{"line":170,"column":92}}],"line":170},"16":{"loc":{"start":{"line":193,"column":2},"end":{"line":193,"column":49}},"type":"if","locations":[{"start":{"line":193,"column":2},"end":{"line":193,"column":49}},{"start":{},"end":{}}],"line":193},"17":{"loc":{"start":{"line":193,"column":6},"end":{"line":193,"column":38}},"type":"binary-expr","locations":[{"start":{"line":193,"column":6},"end":{"line":193,"column":14}},{"start":{"line":193,"column":18},"end":{"line":193,"column":38}}],"line":193},"18":{"loc":{"start":{"line":198,"column":23},"end":{"line":198,"column":41}},"type":"binary-expr","locations":[{"start":{"line":198,"column":23},"end":{"line":198,"column":35}},{"start":{"line":198,"column":39},"end":{"line":198,"column":41}}],"line":198},"19":{"loc":{"start":{"line":199,"column":6},"end":{"line":199,"column":41}},"type":"if","locations":[{"start":{"line":199,"column":6},"end":{"line":199,"column":41}},{"start":{},"end":{}}],"line":199},"20":{"loc":{"start":{"line":204,"column":2},"end":{"line":204,"column":38}},"type":"if","locations":[{"start":{"line":204,"column":2},"end":{"line":204,"column":38}},{"start":{},"end":{}}],"line":204},"21":{"loc":{"start":{"line":213,"column":25},"end":{"line":213,"column":43}},"type":"binary-expr","locations":[{"start":{"line":213,"column":25},"end":{"line":213,"column":37}},{"start":{"line":213,"column":41},"end":{"line":213,"column":43}}],"line":213},"22":{"loc":{"start":{"line":214,"column":8},"end":{"line":217,"column":9}},"type":"if","locations":[{"start":{"line":214,"column":8},"end":{"line":217,"column":9}},{"start":{},"end":{}}],"line":214},"23":{"loc":{"start":{"line":219,"column":6},"end":{"line":221,"column":7}},"type":"if","locations":[{"start":{"line":219,"column":6},"end":{"line":221,"column":7}},{"start":{},"end":{}}],"line":219},"24":{"loc":{"start":{"line":219,"column":10},"end":{"line":219,"column":47}},"type":"binary-expr","locations":[{"start":{"line":219,"column":10},"end":{"line":219,"column":22}},{"start":{"line":219,"column":26},"end":{"line":219,"column":47}}],"line":219},"25":{"loc":{"start":{"line":223,"column":4},"end":{"line":225,"column":5}},"type":"if","locations":[{"start":{"line":223,"column":4},"end":{"line":225,"column":5}},{"start":{},"end":{}}],"line":223},"26":{"loc":{"start":{"line":230,"column":2},"end":{"line":239,"column":3}},"type":"if","locations":[{"start":{"line":230,"column":2},"end":{"line":239,"column":3}},{"start":{},"end":{}}],"line":230},"27":{"loc":{"start":{"line":233,"column":24},"end":{"line":233,"column":42}},"type":"binary-expr","locations":[{"start":{"line":233,"column":24},"end":{"line":233,"column":36}},{"start":{"line":233,"column":40},"end":{"line":233,"column":42}}],"line":233},"28":{"loc":{"start":{"line":234,"column":32},"end":{"line":234,"column":55}},"type":"binary-expr","locations":[{"start":{"line":234,"column":32},"end":{"line":234,"column":50}},{"start":{"line":234,"column":54},"end":{"line":234,"column":55}}],"line":234},"29":{"loc":{"start":{"line":236,"column":4},"end":{"line":238,"column":5}},"type":"if","locations":[{"start":{"line":236,"column":4},"end":{"line":238,"column":5}},{"start":{},"end":{}}],"line":236},"30":{"loc":{"start":{"line":259,"column":2},"end":{"line":259,"column":49}},"type":"if","locations":[{"start":{"line":259,"column":2},"end":{"line":259,"column":49}},{"start":{},"end":{}}],"line":259},"31":{"loc":{"start":{"line":259,"column":6},"end":{"line":259,"column":38}},"type":"binary-expr","locations":[{"start":{"line":259,"column":6},"end":{"line":259,"column":14}},{"start":{"line":259,"column":18},"end":{"line":259,"column":38}}],"line":259},"32":{"loc":{"start":{"line":263,"column":19},"end":{"line":263,"column":38}},"type":"binary-expr","locations":[{"start":{"line":263,"column":19},"end":{"line":263,"column":32}},{"start":{"line":263,"column":36},"end":{"line":263,"column":38}}],"line":263},"33":{"loc":{"start":{"line":264,"column":4},"end":{"line":264,"column":50}},"type":"if","locations":[{"start":{"line":264,"column":4},"end":{"line":264,"column":50}},{"start":{},"end":{}}],"line":264},"34":{"loc":{"start":{"line":272,"column":23},"end":{"line":272,"column":41}},"type":"binary-expr","locations":[{"start":{"line":272,"column":23},"end":{"line":272,"column":35}},{"start":{"line":272,"column":39},"end":{"line":272,"column":41}}],"line":272},"35":{"loc":{"start":{"line":273,"column":6},"end":{"line":273,"column":60}},"type":"if","locations":[{"start":{"line":273,"column":6},"end":{"line":273,"column":60}},{"start":{},"end":{}}],"line":273},"36":{"loc":{"start":{"line":273,"column":10},"end":{"line":273,"column":40}},"type":"binary-expr","locations":[{"start":{"line":273,"column":10},"end":{"line":273,"column":18}},{"start":{"line":273,"column":22},"end":{"line":273,"column":40}}],"line":273},"37":{"loc":{"start":{"line":276,"column":2},"end":{"line":276,"column":25}},"type":"if","locations":[{"start":{"line":276,"column":2},"end":{"line":276,"column":25}},{"start":{},"end":{}}],"line":276},"38":{"loc":{"start":{"line":293,"column":4},"end":{"line":293,"column":38}},"type":"if","locations":[{"start":{"line":293,"column":4},"end":{"line":293,"column":38}},{"start":{},"end":{}}],"line":293},"39":{"loc":{"start":{"line":299,"column":25},"end":{"line":299,"column":43}},"type":"binary-expr","locations":[{"start":{"line":299,"column":25},"end":{"line":299,"column":37}},{"start":{"line":299,"column":41},"end":{"line":299,"column":43}}],"line":299},"40":{"loc":{"start":{"line":300,"column":8},"end":{"line":303,"column":9}},"type":"if","locations":[{"start":{"line":300,"column":8},"end":{"line":303,"column":9}},{"start":{},"end":{}}],"line":300},"41":{"loc":{"start":{"line":305,"column":6},"end":{"line":305,"column":34}},"type":"if","locations":[{"start":{"line":305,"column":6},"end":{"line":305,"column":34}},{"start":{},"end":{}}],"line":305},"42":{"loc":{"start":{"line":308,"column":19},"end":{"line":308,"column":57}},"type":"binary-expr","locations":[{"start":{"line":308,"column":19},"end":{"line":308,"column":49}},{"start":{"line":308,"column":53},"end":{"line":308,"column":57}}],"line":308},"43":{"loc":{"start":{"line":310,"column":6},"end":{"line":313,"column":7}},"type":"if","locations":[{"start":{"line":310,"column":6},"end":{"line":313,"column":7}},{"start":{},"end":{}}],"line":310},"44":{"loc":{"start":{"line":310,"column":10},"end":{"line":310,"column":48}},"type":"binary-expr","locations":[{"start":{"line":310,"column":10},"end":{"line":310,"column":25}},{"start":{"line":310,"column":29},"end":{"line":310,"column":48}}],"line":310},"45":{"loc":{"start":{"line":312,"column":8},"end":{"line":312,"column":86}},"type":"if","locations":[{"start":{"line":312,"column":8},"end":{"line":312,"column":86}},{"start":{},"end":{}}],"line":312},"46":{"loc":{"start":{"line":315,"column":6},"end":{"line":315,"column":56}},"type":"if","locations":[{"start":{"line":315,"column":6},"end":{"line":315,"column":56}},{"start":{},"end":{}}],"line":315},"47":{"loc":{"start":{"line":317,"column":6},"end":{"line":317,"column":54}},"type":"if","locations":[{"start":{"line":317,"column":6},"end":{"line":317,"column":54}},{"start":{},"end":{}}],"line":317},"48":{"loc":{"start":{"line":320,"column":4},"end":{"line":322,"column":5}},"type":"if","locations":[{"start":{"line":320,"column":4},"end":{"line":322,"column":5}},{"start":{},"end":{}}],"line":320},"49":{"loc":{"start":{"line":328,"column":22},"end":{"line":328,"column":40}},"type":"binary-expr","locations":[{"start":{"line":328,"column":22},"end":{"line":328,"column":34}},{"start":{"line":328,"column":38},"end":{"line":328,"column":40}}],"line":328},"50":{"loc":{"start":{"line":329,"column":30},"end":{"line":329,"column":53}},"type":"binary-expr","locations":[{"start":{"line":329,"column":30},"end":{"line":329,"column":48}},{"start":{"line":329,"column":52},"end":{"line":329,"column":53}}],"line":329},"51":{"loc":{"start":{"line":331,"column":2},"end":{"line":333,"column":3}},"type":"if","locations":[{"start":{"line":331,"column":2},"end":{"line":333,"column":3}},{"start":{},"end":{}}],"line":331},"52":{"loc":{"start":{"line":346,"column":2},"end":{"line":346,"column":45}},"type":"if","locations":[{"start":{"line":346,"column":2},"end":{"line":346,"column":45}},{"start":{},"end":{}}],"line":346},"53":{"loc":{"start":{"line":346,"column":6},"end":{"line":346,"column":32}},"type":"binary-expr","locations":[{"start":{"line":346,"column":6},"end":{"line":346,"column":12}},{"start":{"line":346,"column":16},"end":{"line":346,"column":32}}],"line":346},"54":{"loc":{"start":{"line":350,"column":4},"end":{"line":350,"column":38}},"type":"if","locations":[{"start":{"line":350,"column":4},"end":{"line":350,"column":38}},{"start":{},"end":{}}],"line":350},"55":{"loc":{"start":{"line":352,"column":4},"end":{"line":352,"column":42}},"type":"if","locations":[{"start":{"line":352,"column":4},"end":{"line":352,"column":42}},{"start":{},"end":{}}],"line":352},"56":{"loc":{"start":{"line":363,"column":2},"end":{"line":363,"column":45}},"type":"if","locations":[{"start":{"line":363,"column":2},"end":{"line":363,"column":45}},{"start":{},"end":{}}],"line":363},"57":{"loc":{"start":{"line":363,"column":6},"end":{"line":363,"column":32}},"type":"binary-expr","locations":[{"start":{"line":363,"column":6},"end":{"line":363,"column":12}},{"start":{"line":363,"column":16},"end":{"line":363,"column":32}}],"line":363},"58":{"loc":{"start":{"line":366,"column":4},"end":{"line":368,"column":5}},"type":"if","locations":[{"start":{"line":366,"column":4},"end":{"line":368,"column":5}},{"start":{},"end":{}}],"line":366},"59":{"loc":{"start":{"line":370,"column":2},"end":{"line":370,"column":40}},"type":"if","locations":[{"start":{"line":370,"column":2},"end":{"line":370,"column":40}},{"start":{},"end":{}}],"line":370},"60":{"loc":{"start":{"line":419,"column":14},"end":{"line":419,"column":86}},"type":"cond-expr","locations":[{"start":{"line":419,"column":33},"end":{"line":419,"column":82}},{"start":{"line":419,"column":85},"end":{"line":419,"column":86}}],"line":419},"61":{"loc":{"start":{"line":428,"column":2},"end":{"line":431,"column":3}},"type":"if","locations":[{"start":{"line":428,"column":2},"end":{"line":431,"column":3}},{"start":{},"end":{}}],"line":428},"62":{"loc":{"start":{"line":428,"column":6},"end":{"line":428,"column":38}},"type":"binary-expr","locations":[{"start":{"line":428,"column":6},"end":{"line":428,"column":22}},{"start":{"line":428,"column":26},"end":{"line":428,"column":38}}],"line":428}},"s":{"0":16,"1":15,"2":18,"3":28,"4":18,"5":3,"6":3,"7":1,"8":2,"9":2,"10":2,"11":8,"12":1,"13":7,"14":1,"15":7,"16":7,"17":4,"18":4,"19":1,"20":3,"21":3,"22":3,"23":1,"24":2,"25":2,"26":6,"27":1,"28":5,"29":1,"30":5,"31":5,"32":5,"33":5,"34":6,"35":6,"36":6,"37":6,"38":6,"39":6,"40":6,"41":6,"42":6,"43":5,"44":3,"45":1,"46":2,"47":2,"48":2,"49":1,"50":1,"51":5,"52":5,"53":2,"54":3,"55":11,"56":3,"57":3,"58":3,"59":14,"60":3,"61":13,"62":81,"63":3,"64":13,"65":81,"66":3,"67":3,"68":3,"69":13,"70":13,"71":0,"72":13,"73":13,"74":0,"75":13,"76":3,"77":10,"78":0,"79":3,"80":1,"81":2,"82":1,"83":2,"84":2,"85":2,"86":2,"87":3,"88":3,"89":3,"90":3,"91":2,"92":2,"93":5,"94":2,"95":3,"96":3,"97":4,"98":3,"99":3,"100":3,"101":3,"102":1,"103":2,"104":2,"105":3,"106":3,"107":5,"108":5,"109":5,"110":5,"111":4,"112":4,"113":5,"114":4,"115":3,"116":3,"117":2,"118":2,"119":2,"120":2,"121":3,"122":3,"123":3,"124":2,"125":2,"126":2,"127":6,"128":1,"129":5,"130":5,"131":2,"132":2,"133":2,"134":2,"135":5,"136":5,"137":5,"138":4,"139":4,"140":5,"141":1,"142":4,"143":4,"144":4,"145":4,"146":4,"147":4,"148":13,"149":13,"150":4,"151":4,"152":13,"153":4,"154":9,"155":9,"156":9,"157":9,"158":9,"159":9,"160":9,"161":9,"162":9,"163":0,"164":9,"165":9,"166":3,"167":3,"168":3,"169":3,"170":9,"171":4,"172":9,"173":9,"174":9,"175":9,"176":4,"177":4,"178":4,"179":4,"180":4,"181":4,"182":4,"183":4,"184":6,"185":3,"186":3,"187":3,"188":3,"189":11,"190":7,"191":11,"192":11,"193":3,"194":3,"195":4,"196":2,"197":2,"198":2,"199":2,"200":7,"201":7,"202":2,"203":0,"204":2,"205":7,"206":2,"207":7,"208":2,"209":4,"210":4,"211":4,"212":4,"213":4,"214":4,"215":4,"216":60,"217":60,"218":4,"219":3,"220":3,"221":3,"222":3,"223":3,"224":3,"225":3,"226":3,"227":3,"228":3,"229":3,"230":3,"231":3,"232":3,"233":3,"234":2,"235":2,"236":3},"f":{"0":16,"1":15,"2":18,"3":28,"4":18,"5":3,"6":2,"7":8,"8":1,"9":4,"10":6,"11":1,"12":3,"13":5,"14":11,"15":14,"16":13,"17":81,"18":13,"19":81,"20":3,"21":1,"22":5,"23":3,"24":6,"25":3,"26":4,"27":6,"28":4,"29":7,"30":7,"31":4,"32":3,"33":3,"34":3},"b":{"0":[1,2],"1":[1,7],"2":[1,3],"3":[1,2],"4":[1,5],"5":[1,5],"6":[6,0],"7":[1,2],"8":[1,1],"9":[2,3],"10":[5,4],"11":[0,13],"12":[0,13],"13":[3,10],"14":[1,2],"15":[1,2],"16":[2,3],"17":[5,4],"18":[4,0],"19":[3,0],"20":[1,2],"21":[5,0],"22":[4,1],"23":[4,1],"24":[5,4],"25":[3,0],"26":[2,0],"27":[3,0],"28":[3,0],"29":[2,0],"30":[1,5],"31":[6,6],"32":[5,0],"33":[2,0],"34":[5,0],"35":[4,0],"36":[4,0],"37":[1,4],"38":[4,9],"39":[9,0],"40":[9,0],"41":[0,9],"42":[9,7],"43":[3,6],"44":[9,7],"45":[3,0],"46":[4,5],"47":[9,0],"48":[9,0],"49":[4,0],"50":[4,0],"51":[4,0],"52":[3,3],"53":[6,5],"54":[7,4],"55":[3,8],"56":[2,2],"57":[4,3],"58":[7,0],"59":[0,2],"60":[2,1],"61":[2,1],"62":[3,2]},"meta":{"lastBranch":63,"lastFunction":35,"lastStatement":237,"seen":{"f:5:16:5:31":0,"s:6:2:6:69":0,"f:6:25:6:26":1,"s:6:35:6:65":1,"f:9:16:9:27":2,"s:10:2:10:60":2,"f:10:25:10:26":3,"s:10:35:10:56":3,"f:13:16:13:29":4,"s:14:2:14:47":4,"f:22:16:22:26":5,"s:23:14:23:39":5,"b:24:2:24:25:undefined:undefined:undefined:undefined":0,"s:24:2:24:25":6,"s:24:17:24:25":7,"s:25:14:25:53":8,"s:26:2:26:34":9,"f:32:16:32:38":6,"s:33:2:33:76":10,"f:39:16:39:30":7,"b:40:2:40:37:undefined:undefined:undefined:undefined":1,"s:40:2:40:37":11,"s:40:29:40:37":12,"s:41:17:41:75":13,"f:41:36:41:37":8,"s:41:46:41:74":14,"s:42:15:42:40":15,"s:43:2:43:46":16,"f:49:16:49:27":9,"s:50:14:50:39":17,"b:51:2:51:25:undefined:undefined:undefined:undefined":2,"s:51:2:51:25":18,"s:51:17:51:25":19,"s:52:14:52:53":20,"s:53:15:53:39":21,"b:54:2:54:24:undefined:undefined:undefined:undefined":3,"s:54:2:54:24":22,"s:54:16:54:24":23,"s:55:15:55:24":24,"s:56:2:56:50":25,"f:63:16:63:27":10,"b:64:2:64:37:undefined:undefined:undefined:undefined":4,"s:64:2:64:37":26,"s:64:29:64:37":27,"s:65:17:65:75":28,"f:65:36:65:37":11,"s:65:46:65:74":29,"s:67:17:67:18":30,"s:68:24:68:25":31,"s:70:2:85:3":32,"s:70:15:70:16":33,"s:71:16:71:25":34,"s:72:25:72:61":35,"s:73:23:73:42":36,"s:74:29:74:64":37,"s:76:4:76:33":38,"s:79:23:79:92":39,"b:79:47:79:75:79:78:79:92":5,"s:80:23:80:51":40,"b:82:4:84:5:undefined:undefined:undefined:undefined":6,"s:82:4:84:5":41,"s:83:6:83:47":42,"s:87:2:87:29":43,"f:93:16:93:28":12,"b:94:2:94:37:undefined:undefined:undefined:undefined":7,"s:94:2:94:37":44,"s:94:29:94:37":45,"s:95:15:95:62":46,"s:96:15:96:39":47,"b:97:2:97:24:undefined:undefined:undefined:undefined":8,"s:97:2:97:24":48,"s:97:16:97:24":49,"s:98:2:98:46":50,"f:114:16:114:26":13,"s:115:23:115:62":51,"b:117:2:117:61:undefined:undefined:undefined:undefined":9,"s:117:2:117:61":52,"b:117:6:117:27:117:31:117:48":10,"s:117:50:117:61":53,"s:119:17:119:75":54,"f:119:36:119:37":14,"s:119:46:119:74":55,"s:120:17:120:42":56,"s:121:15:121:25":57,"s:124:17:133:3":58,"f:125:18:125:21":15,"s:125:26:128:5":59,"s:136:15:136:99":60,"f:136:15:136:16":16,"s:136:20:136:99":61,"f:136:34:136:35":17,"s:136:46:136:95":62,"s:138:15:138:122":63,"f:138:15:138:16":18,"s:138:20:138:122":64,"f:138:34:138:35":19,"s:138:46:138:118":65,"s:140:10:140:13":66,"s:141:2:148:3":67,"s:141:15:141:16":68,"s:142:15:142:22":69,"b:143:4:143:35:undefined:undefined:undefined:undefined":11,"s:143:4:143:35":70,"s:143:30:143:35":71,"s:144:17:144:32":72,"b:145:4:145:31:undefined:undefined:undefined:undefined":12,"s:145:4:145:31":73,"s:145:20:145:31":74,"b:146:4:146:52:undefined:undefined:undefined:undefined":13,"s:146:4:146:52":75,"s:146:35:146:52":76,"s:147:4:147:12":77,"s:150:2:150:13":78,"f:159:16:159:28":20,"b:160:2:160:38:undefined:undefined:undefined:undefined":14,"s:160:2:160:38":79,"s:160:29:160:38":80,"s:161:17:161:75":81,"f:161:36:161:37":21,"s:161:46:161:74":82,"s:163:16:163:18":83,"s:164:17:164:18":84,"s:166:2:175:3":85,"s:166:15:166:16":86,"s:167:16:167:25":87,"s:168:4:168:35":88,"s:170:23:170:92":89,"b:170:47:170:75:170:78:170:92":15,"s:171:4:174:6":90,"s:178:2:181:4":91,"s:183:2:183:14":92,"f:192:16:192:37":22,"b:193:2:193:49:undefined:undefined:undefined:undefined":16,"s:193:2:193:49":93,"b:193:6:193:14:193:18:193:38":17,"s:193:40:193:49":94,"s:196:18:196:27":95,"s:197:2:201:3":96,"s:198:4:200:5":97,"b:198:23:198:35:198:39:198:41":18,"b:199:6:199:41:undefined:undefined:undefined:undefined":19,"s:199:6:199:41":98,"s:199:20:199:41":99,"s:203:19:203:45":100,"b:204:2:204:38:undefined:undefined:undefined:undefined":20,"s:204:2:204:38":101,"s:204:29:204:38":102,"s:207:16:207:18":103,"s:208:2:226:3":104,"s:209:23:209:24":105,"s:210:4:222:5":106,"s:211:21:211:22":107,"s:212:25:212:29":108,"s:213:6:218:7":109,"b:213:25:213:37:213:41:213:43":21,"b:214:8:217:9:undefined:undefined:undefined:undefined":22,"s:214:8:217:9":110,"s:215:10:215:41":111,"s:216:10:216:43":112,"b:219:6:221:7:undefined:undefined:undefined:undefined":23,"s:219:6:221:7":113,"b:219:10:219:22:219:26:219:47":24,"s:220:8:220:47":114,"b:223:4:225:5:undefined:undefined:undefined:undefined":25,"s:223:4:225:5":115,"s:224:6:224:72":116,"s:229:14:229:47":117,"b:230:2:239:3:undefined:undefined:undefined:undefined":26,"s:230:2:239:3":118,"s:231:21:231:22":119,"s:232:4:235:5":120,"s:233:23:233:86":121,"b:233:24:233:36:233:40:233:42":27,"f:233:51:233:52":23,"s:233:61:233:82":122,"s:234:6:234:56":123,"b:234:32:234:50:234:54:234:55":28,"b:236:4:238:5:undefined:undefined:undefined:undefined":29,"s:236:4:238:5":124,"s:237:6:237:76":125,"s:241:2:241:14":126,"f:258:16:258:43":24,"b:259:2:259:49:undefined:undefined:undefined:undefined":30,"s:259:2:259:49":127,"b:259:6:259:14:259:18:259:38":31,"s:259:40:259:49":128,"s:262:20:262:22":129,"s:263:2:267:3":130,"b:263:19:263:32:263:36:263:38":32,"b:264:4:264:50:undefined:undefined:undefined:undefined":33,"s:264:4:264:50":131,"s:264:28:264:50":132,"s:265:16:265:62":133,"s:266:4:266:45":134,"s:270:16:270:20":135,"s:271:2:275:3":136,"s:272:4:274:5":137,"b:272:23:272:35:272:39:272:41":34,"b:273:6:273:60:undefined:undefined:undefined:undefined":35,"s:273:6:273:60":138,"b:273:10:273:18:273:22:273:40":36,"s:273:42:273:60":139,"b:276:2:276:25:undefined:undefined:undefined:undefined":37,"s:276:2:276:25":140,"s:276:16:276:25":141,"s:278:15:278:25":142,"s:279:17:279:44":143,"s:280:18:280:42":144,"s:283:19:283:21":145,"s:284:11:284:49":146,"s:285:2:288:3":147,"s:286:4:286:41":148,"s:287:4:287:27":149,"s:290:16:290:18":150,"s:291:2:323:3":151,"b:293:4:293:38:undefined:undefined:undefined:undefined":38,"s:293:4:293:38":152,"s:293:30:293:38":153,"s:295:17:295:18":154,"s:296:4:318:5":155,"s:297:21:297:22":156,"s:298:33:298:37":157,"s:299:6:304:7":158,"b:299:25:299:37:299:41:299:43":39,"b:300:8:303:9:undefined:undefined:undefined:undefined":40,"s:300:8:303:9":159,"s:301:10:301:41":160,"s:302:10:302:51":161,"b:305:6:305:34:undefined:undefined:undefined:undefined":41,"s:305:6:305:34":162,"s:305:26:305:34":163,"s:308:19:308:57":164,"b:308:19:308:49:308:53:308:57":42,"b:310:6:313:7:undefined:undefined:undefined:undefined":43,"s:310:6:313:7":165,"b:310:10:310:25:310:29:310:48":44,"s:311:23:311:88":166,"f:311:63:311:64":25,"s:311:68:311:80":167,"b:312:8:312:86:undefined:undefined:undefined:undefined":45,"s:312:8:312:86":168,"s:312:31:312:86":169,"b:315:6:315:56:undefined:undefined:undefined:undefined":46,"s:315:6:315:56":170,"s:315:27:315:56":171,"b:317:6:317:54:undefined:undefined:undefined:undefined":47,"s:317:6:317:54":172,"s:317:27:317:54":173,"b:320:4:322:5:undefined:undefined:undefined:undefined":48,"s:320:4:322:5":174,"s:321:6:321:83":175,"s:326:19:326:20":176,"s:327:2:330:3":177,"s:328:21:328:84":178,"b:328:22:328:34:328:38:328:40":49,"f:328:49:328:50":26,"s:328:59:328:80":179,"s:329:4:329:54":180,"b:329:30:329:48:329:52:329:53":50,"b:331:2:333:3:undefined:undefined:undefined:undefined":51,"s:331:2:333:3":181,"s:332:4:332:77":182,"s:335:2:335:14":183,"f:345:16:345:34":27,"b:346:2:346:45:undefined:undefined:undefined:undefined":52,"s:346:2:346:45":184,"b:346:6:346:12:346:16:346:32":53,"s:346:34:346:45":185,"s:347:14:347:23":186,"s:348:20:348:21":187,"s:349:2:353:3":188,"b:350:4:350:38:undefined:undefined:undefined:undefined":54,"s:350:4:350:38":189,"s:350:24:350:38":190,"s:351:15:351:39":191,"b:352:4:352:42:undefined:undefined:undefined:undefined":55,"s:352:4:352:42":192,"s:352:26:352:42":193,"s:354:2:354:26":194,"f:362:16:362:33":28,"b:363:2:363:45:undefined:undefined:undefined:undefined":56,"s:363:2:363:45":195,"b:363:6:363:12:363:16:363:32":57,"s:363:34:363:45":196,"s:364:21:364:23":197,"s:365:2:369:3":198,"s:365:15:365:16":199,"b:366:4:368:5:undefined:undefined:undefined:undefined":58,"s:366:4:368:5":200,"s:367:6:367:84":201,"b:370:2:370:40:undefined:undefined:undefined:undefined":59,"s:370:2:370:40":202,"s:370:29:370:40":203,"s:371:16:371:73":204,"f:371:34:371:35":29,"s:371:44:371:49":205,"s:372:19:372:97":206,"f:372:37:372:38":30,"s:372:47:372:67":207,"s:373:2:373:50":208,"f:387:16:387:33":31,"s:388:12:388:32":209,"s:389:15:389:33":210,"s:390:15:390:36":211,"s:391:16:391:18":212,"s:393:15:393:29":213,"s:395:2:401:3":214,"s:395:15:395:16":215,"s:396:4:396:49":216,"s:397:4:400:6":217,"s:403:2:403:14":218,"f:408:16:408:37":32,"s:409:21:409:22":219,"s:410:18:410:19":220,"s:411:15:411:16":221,"s:413:2:417:3":222,"s:414:4:414:49":223,"s:415:4:415:64":224,"s:416:4:416:57":225,"f:416:34:416:35":33,"s:416:44:416:53":226,"s:419:14:419:86":227,"b:419:33:419:82:419:85:419:86":60,"s:420:16:420:40":228,"s:423:24:423:56":229,"f:423:40:423:41":34,"s:423:45:423:55":230,"s:424:18:424:47":231,"s:427:13:427:14":232,"b:428:2:431:3:undefined:undefined:undefined:undefined":61,"s:428:2:431:3":233,"b:428:6:428:22:428:26:428:38":62,"s:429:17:429:29":234,"s:430:4:430:67":235,"s:433:2:433:71":236}}}
}
